<?xml version="1.0" encoding="UTF-8"?>
<!-- Generated by org.testng.reporters.JUnitReportReporter -->
<testsuite hostname="PTCMKCE000321" failures="0" tests="1" name="test.TC6_Remove_Time_Log_Details" time="51.510" errors="0" timestamp="2022-12-13T15:21:56 PST" skipped="0">
  <testcase classname="test.TC6_Remove_Time_Log_Details" name="Remove_Time_Log_Details" time="51.510"/>
  <system-out>
    <![CDATA[Clicked the "I understand the risks, take me there anyway" link.
Entered the username
Entered the password
Clicked the Login button
Successfully logged in using john.guballa credentials.
Selected December 2022 time sheet period.
Clicked the 12/1/2022 date.
Unselect Time In checkbox
Unselect Time Out checkbox
Successfully removed TITO Reason Override.
Unselect Time In checkbox
Unselect Time Out checkbox
Successfully removed TITO Reason Override.
Clicked save time logs button.
Clicked the 12/5/2022 date.
Unselect Time In checkbox
Unselect Time Out checkbox
Successfully removed TITO Reason Override.
Unselect Time In checkbox
Unselect Time Out checkbox
Successfully removed TITO Reason Override.
Unselect Time In checkbox
Unselect Time Out checkbox
Successfully removed TITO Reason Override.
Unselect Time In checkbox
Unselect Time Out checkbox
Successfully removed TITO Reason Override.
Clicked save time logs button.
Clicked the 12/12/2022 date.
Unselect Time In checkbox
Unselect Time Out checkbox
Successfully removed TITO Reason Override.
Unselect Time In checkbox
Unselect Time Out checkbox
Successfully removed TITO Reason Override.
Unselect Time In checkbox
Unselect Time Out checkbox
Successfully removed TITO Reason Override.
Unselect Time In checkbox
Unselect Time Out checkbox
Successfully removed TITO Reason Override.
Unselect Time In checkbox
Unselect Time Out checkbox
Successfully removed TITO Reason Override.
Clicked save time logs button.
Clicked the 12/19/2022 date.
Unselect Time In checkbox
Unselect Time Out checkbox
Successfully removed TITO Reason Override.
Unselect Time In checkbox
Unselect Time Out checkbox
Successfully removed TITO Reason Override.
Unselect Time In checkbox
Unselect Time Out checkbox
Successfully removed TITO Reason Override.
Unselect Time In checkbox
Unselect Time Out checkbox
Successfully removed TITO Reason Override.
Unselect Time In checkbox
Unselect Time Out checkbox
Successfully removed TITO Reason Override.
Clicked save time logs button.
Clicked the 12/26/2022 date.
Unselect Time In checkbox
Unselect Time Out checkbox
Successfully removed TITO Reason Override.
Unselect Time In checkbox
Unselect Time Out checkbox
Successfully removed TITO Reason Override.
Unselect Time In checkbox
Unselect Time Out checkbox
Successfully removed TITO Reason Override.
Unselect Time In checkbox
Unselect Time Out checkbox
Successfully removed TITO Reason Override.
Clicked save time logs button.
Clicked the Logout button.
Successfully logged out.]]>
  </system-out>
</testsuite> <!-- test.TC6_Remove_Time_Log_Details -->
