<?xml version="1.0" encoding="UTF-8"?>
<!-- Generated by org.testng.reporters.JUnitReportReporter -->
<testsuite hostname="DESKTOP-680KUMP" failures="0" tests="1" name="test.TC1_Agile_Login" time="9.835" errors="0" timestamp="2021-06-06T22:46:19 PST" skipped="0">
  <testcase classname="test.TC1_Agile_Login" name="Login_to_Application" time="9.835"/>
  <system-out>
User Enters Username User Enters Password User clicked the Login button  </system-out>
</testsuite> <!-- test.TC1_Agile_Login -->
