<?xml version="1.0" encoding="UTF-8"?>
<!-- Generated by org.testng.reporters.JUnitReportReporter -->
<testsuite hostname="DESKTOP-680KUMP" failures="0" tests="1" name="maxicare.TC1b_Maxicare_Activate_Account_Set_Password" time="77.890" errors="0" timestamp="2021-09-10T09:42:18 PST" skipped="0">
  <testcase classname="maxicare.TC1b_Maxicare_Activate_Account_Set_Password" name="Maxicare_Activate_Account" time="77.890"/>
  <system-out>
User entered the Email Address User entered the password User clicked the Email Message User clicked the Activate Account Button User entered the Password User entered the Confirm Password User clicked the Submit button Account activation message verified User clicked the Back to Login button Verified that user is in Login Page  </system-out>
</testsuite> <!-- maxicare.TC1b_Maxicare_Activate_Account_Set_Password -->
