<?xml version="1.0" encoding="UTF-8"?>
<!-- Generated by org.testng.reporters.JUnitReportReporter -->
<testsuite hostname="PTCMKCE000321" failures="0" tests="1" name="test.TimeLogs.TC6_Enter_Time_Logs_Missing_Manual_Override" time="16.911" errors="0" timestamp="2022-12-12T18:24:45 PST" skipped="0">
  <testcase classname="test.TimeLogs.TC6_Enter_Time_Logs_Missing_Manual_Override" name="Enter_Time_Logs_Missing_Manual_Override" time="16.911"/>
  <system-out>
    <![CDATA[Clicked the "I understand the risks, take me there anyway" link.
Entered the username
Entered the password
Clicked the Login button
Successfully logged in using john.guballa credentials.
Selected December 2022 time sheet period.
Clicked the 12/21/2022 date.
Successfully entered Time In details for date 12/21/2022.
Successfully entered Time Out details for date 12/21/2022.
Clicked save time logs button.
Error Message is displayed. Expected: Please add reason for manual override. | Actual: Please add reason for manual override.
Successfully cancelled the saving of the time logs.
Clicked the Logout button.
Successfully logged out.]]>
  </system-out>
</testsuite> <!-- test.TimeLogs.TC6_Enter_Time_Logs_Missing_Manual_Override -->
