<?xml version="1.0" encoding="UTF-8"?>
<!-- Generated by org.testng.reporters.JUnitReportReporter -->
<testsuite hostname="DESKTOP-680KUMP" failures="0" tests="1" name="test.TC_EnterTimeLogsAndWorkHours_001" time="25.187" errors="0" timestamp="2021-04-14T15:39:59 PST" skipped="0">
  <testcase classname="test.TC_EnterTimeLogsAndWorkHours_001" name="enterTimeLogsAndWorkHours" time="25.187"/>
  <system-out/>
</testsuite> <!-- test.TC_EnterTimeLogsAndWorkHours_001 -->
