<?xml version="1.0" encoding="UTF-8"?>
<!-- Generated by org.testng.reporters.JUnitReportReporter -->
<testsuite hostname="DESKTOP-680KUMP" failures="0" tests="1" name="test.TC2_Register_Account_Existing" time="23.142" errors="0" timestamp="2022-06-08T09:54:53 PST" skipped="0">
  <testcase classname="test.TC2_Register_Account_Existing" name="Register_Account_Existing" time="23.142"/>
  <system-out>
User clicked Register button User clicked Male as Gender User Enters First Name User Enters Last Name User Enters Email User Enters Password User Enters Confirm Password User clicked Register button Registration Message verified  </system-out>
</testsuite> <!-- test.TC2_Register_Account_Existing -->
