<?xml version="1.0" encoding="UTF-8"?>
<!-- Generated by org.testng.reporters.JUnitReportReporter -->
<testsuite hostname="DESKTOP-680KUMP" failures="0" tests="1" name="maxicare.TC1_Maxicare_Login_To_Account" time="10.943" errors="0" timestamp="2021-09-09T15:20:56 PST" skipped="0">
  <testcase classname="maxicare.TC1_Maxicare_Login_To_Account" name="Maxicare_Login_To_Account" time="10.943"/>
  <system-out>
User Enters Email User Enters Password User clicked Login button  </system-out>
</testsuite> <!-- maxicare.TC1_Maxicare_Login_To_Account -->
