<?xml version="1.0" encoding="UTF-8"?>
<!-- Generated by org.testng.reporters.JUnitReportReporter -->
<testsuite hostname="DESKTOP-680KUMP" failures="0" tests="1" name="test.TC_LoginToApp_001" time="17.825" errors="0" timestamp="2021-04-14T23:43:23 PST" skipped="0">
  <testcase classname="test.TC_LoginToApp_001" name="Login_To_App" time="17.825"/>
  <system-out>
User clicked the "I understand the risks, take me there anyway" link. User has entered the username User has entered the password User clicked the Login button  </system-out>
</testsuite> <!-- test.TC_LoginToApp_001 -->
