<?xml version="1.0" encoding="UTF-8"?>
<!-- Generated by org.testng.reporters.JUnitReportReporter -->
<testsuite hostname="DESKTOP-680KUMP" failures="0" tests="1" name="zeroWebAppTest.ZeroWebApp_Pay_Bills" time="17.994" errors="0" timestamp="2021-04-25T20:11:31 PST" skipped="0">
  <testcase classname="zeroWebAppTest.ZeroWebApp_Pay_Bills" name="Pay_Bills" time="17.994"/>
  <system-out>
User clicked the sign in button User entered the username User entered the password User clicked the submit button User clicked the "I understand the risks, take me there anyway" link. User clicked the pay bills button User Select Payee User Select Account User entered the amount User entered the date User entered the description User clicked the pay bills button  </system-out>
</testsuite> <!-- zeroWebAppTest.ZeroWebApp_Pay_Bills -->
