<?xml version="1.0" encoding="UTF-8"?>
<!-- Generated by org.testng.reporters.JUnitReportReporter -->
<testsuite hostname="DESKTOP-680KUMP" failures="0" tests="1" name="maxicare.TC4_Dependent_Summary" time="47.568" errors="0" timestamp="2021-09-14T14:22:27 PST" skipped="0">
  <testcase classname="maxicare.TC4_Dependent_Summary" name="Maxicare_Access_Helpful_Links" time="47.568"/>
  <system-out>
User entered the Email Address User enter the Password User clicked the Login button User clicked the Next Button User clicked the Next Button Verified Dependent Fees and Summary Details Verified Principal Fees and Summary Details Verified Total Premium Amount User clicked the Dependent Details Button Verified Dependent Details  </system-out>
</testsuite> <!-- maxicare.TC4_Dependent_Summary -->
