<?xml version="1.0" encoding="UTF-8"?>
<!-- Generated by org.testng.reporters.JUnitReportReporter -->
<testsuite hostname="DESKTOP-680KUMP" failures="0" tests="1" name="test.TC2_Agile" time="8.696" errors="0" timestamp="2021-06-06T17:09:38 PST" skipped="0">
  <testcase classname="test.TC2_Agile" name="checkStatement" time="8.696"/>
  <system-out>
User Enters Username User Enters Password User clicked the Login button User clicked mini statement User selected the account number User clicked submit  </system-out>
</testsuite> <!-- test.TC2_Agile -->
