<?xml version="1.0" encoding="UTF-8"?>
<!-- Generated by org.testng.reporters.JUnitReportReporter -->
<testsuite hostname="PTCMKCE000321" failures="0" tests="1" name="test.WorkHours.TC6_TC7_Daily_Work_Hours_View_and_Select_Project" time="23.447" errors="0" timestamp="2022-12-13T15:51:07 PST" skipped="0">
  <testcase classname="test.WorkHours.TC6_TC7_Daily_Work_Hours_View_and_Select_Project" name="Enter_Work_Hours" time="23.447"/>
  <system-out>
    <![CDATA[Clicked the "I understand the risks, take me there anyway" link.
Entered the username
Entered the password
Clicked the Login button
Successfully logged in using john.guballa credentials.
Selected December 2022 time sheet period.
Clicked the Whiz Hours button for date 12/6/2022
List of projects are displayed.
Selected the Project Name: Automated Testing Main.
Closed the daily work hours page.
Clicked the Logout button.]]>
  </system-out>
</testsuite> <!-- test.WorkHours.TC6_TC7_Daily_Work_Hours_View_and_Select_Project -->
