<?xml version="1.0" encoding="UTF-8"?>
<!-- Generated by org.testng.reporters.JUnitReportReporter -->
<testsuite hostname="DESKTOP-680KUMP" failures="0" tests="1" name="test.TC1_Login_To_Application" time="17.096" errors="0" timestamp="2022-02-09T07:46:46 PST" skipped="0">
  <testcase classname="test.TC1_Login_To_Application" name="Login_To_Application" time="17.096"/>
  <system-out>
User clicked the "I understand the risks, take me there anyway" link. User has entered the username User has entered the password User clicked the Login button User has successfully logged in using john.guballa credentials.  </system-out>
</testsuite> <!-- test.TC1_Login_To_Application -->
