<?xml version="1.0" encoding="UTF-8"?>
<!-- Generated by org.testng.reporters.JUnitReportReporter -->
<testsuite hostname="PTCMKCE000321" failures="0" tests="1" name="test.Whiz.Timesheet_Entry.TC002_Timesheet_Entry_Add_TaskTime_And_Description" time="74.751" errors="0" timestamp="2022-12-19T12:13:05 PST" skipped="0">
  <testcase classname="test.Whiz.Timesheet_Entry.TC002_Timesheet_Entry_Add_TaskTime_And_Description" name="AddTaskTimeAndDescription" time="74.751"/>
  <system-out>
    <![CDATA[Entered the username
Entered the password
Clicked the Sign In button
Clicked the Timesheet button
Clicked the Timesheet Entry button
Switched to inline frame
Successfully verified that the Timesheet Entry page is displayed
Clicked the More Projects+ button
Successfully verified that the Select Project or Task window is displayed
User selected Automation Testing_Project 1 from the Project dropdown
Clicked the Test Task - Automation using Selenium task checkbox
Clicked the Select button
Entered hours successfully for date 19 Dec
Clicked description
Entered description successfully for date 19 Dec
Entered hours successfully for date 21 Dec
Clicked description
Entered description successfully for date 21 Dec
Entered hours successfully for date 23 Dec
Clicked description
Entered description successfully for date 23 Dec
Clicked the Save button
Verified the work hours for date 19 Dec. Expected: 12:00 | Actual: 12:00
Verified the work hours for date 21 Dec. Expected: 13:00 | Actual: 13:00
Verified the work hours for date 23 Dec. Expected: 14:00 | Actual: 14:00
Clicked the logout button]]>
  </system-out>
</testsuite> <!-- test.Whiz.Timesheet_Entry.TC002_Timesheet_Entry_Add_TaskTime_And_Description -->
