<?xml version="1.0" encoding="UTF-8"?>
<!-- Generated by org.testng.reporters.JUnitReportReporter -->
<testsuite hostname="PTCMKCE000321" failures="0" tests="1" name="test.TC5_End_to_End" time="200.522" errors="0" timestamp="2022-11-29T18:35:10 PST" skipped="0">
  <testcase classname="test.TC5_End_to_End" name="Enter_Time_Logs_and_Work_Hours" time="200.522"/>
  <system-out>
    <![CDATA[Clicked the "I understand the risks, take me there anyway" link.
Entered the username
Entered the password
Clicked the Login button
Successfully logged in using john.guballa credentials.
Selected November 2022 time sheet period.
Clicked the 11/2/2022 date.
Successfully entered Time In details for date 11/2/2022.
Successfully entered Time Out details for date 11/2/2022.
Successfully entered Remarks for date 11/2/2022.
Successfully entered Reason for TITO Override for date 11/2/2022.
Successfully entered Time In details for date 11/3/2022.
Successfully entered Time Out details for date 11/3/2022.
Successfully entered Remarks for date 11/3/2022.
Successfully entered Reason for TITO Override for date 11/3/2022.
Successfully entered Time In details for date 11/4/2022.
Successfully entered Time Out details for date 11/4/2022.
Successfully entered Remarks for date 11/4/2022.
Successfully entered Reason for TITO Override for date 11/4/2022.
Clicked save time logs button.
Clicked the 11/7/2022 date.
Successfully entered Time In details for date 11/7/2022.
Successfully entered Time Out details for date 11/7/2022.
Successfully entered Remarks for date 11/7/2022.
Successfully entered Reason for TITO Override for date 11/7/2022.
Successfully entered Time In details for date 11/8/2022.
Successfully entered Time Out details for date 11/8/2022.
Successfully entered Remarks for date 11/8/2022.
Successfully entered Reason for TITO Override for date 11/8/2022.
Successfully entered Time In details for date 11/9/2022.
Successfully entered Time Out details for date 11/9/2022.
Successfully entered Remarks for date 11/9/2022.
Successfully entered Reason for TITO Override for date 11/9/2022.
Successfully entered Time In details for date 11/10/2022.
Successfully entered Time Out details for date 11/10/2022.
Successfully entered Remarks for date 11/10/2022.
Successfully entered Reason for TITO Override for date 11/10/2022.
Clicked save time logs button.
Clicked the 11/17/2022 date.
Successfully entered Time In details for date 11/17/2022.
Successfully entered Time Out details for date 11/17/2022.
Successfully entered Remarks for date 11/17/2022.
Successfully entered Reason for TITO Override for date 11/17/2022.
Successfully entered Time In details for date 11/18/2022.
Successfully entered Time Out details for date 11/18/2022.
Successfully entered Remarks for date 11/18/2022.
Successfully entered Reason for TITO Override for date 11/18/2022.
Clicked save time logs button.
Clicked the 11/21/2022 date.
Successfully entered Time In details for date 11/21/2022.
Successfully entered Time Out details for date 11/21/2022.
Successfully entered Remarks for date 11/21/2022.
Successfully entered Reason for TITO Override for date 11/21/2022.
Successfully entered Time In details for date 11/22/2022.
Successfully entered Time Out details for date 11/22/2022.
Successfully entered Remarks for date 11/22/2022.
Successfully entered Reason for TITO Override for date 11/22/2022.
Successfully entered Time In details for date 11/23/2022.
Successfully entered Time Out details for date 11/23/2022.
Successfully entered Remarks for date 11/23/2022.
Successfully entered Reason for TITO Override for date 11/23/2022.
Successfully entered Time In details for date 11/24/2022.
Successfully entered Time Out details for date 11/24/2022.
Successfully entered Remarks for date 11/24/2022.
Successfully entered Reason for TITO Override for date 11/24/2022.
Successfully entered Time In details for date 11/25/2022.
Successfully entered Time Out details for date 11/25/2022.
Successfully entered Remarks for date 11/25/2022.
Successfully entered Reason for TITO Override for date 11/25/2022.
Clicked save time logs button.
Clicked the 11/28/2022 date.
Successfully entered Time In details for date 11/28/2022.
Successfully entered Time Out details for date 11/28/2022.
Successfully entered Remarks for date 11/28/2022.
Successfully entered Reason for TITO Override for date 11/28/2022.
Successfully entered Time In details for date 11/29/2022.
Successfully entered Time Out details for date 11/29/2022.
Successfully entered Remarks for date 11/29/2022.
Successfully entered Reason for TITO Override for date 11/29/2022.
Clicked save time logs button.
User has clicked the Whiz Hours button for date 11/2/2022
Selected the Project Name.
Clicked the Active Tasks button.
Clicked the Task Assignment.
Entered the Work Hours.
Selected the Work Type.
Entered the Task Description.
Saved the work hours.
Closed the daily work hours page.
User has clicked the Whiz Hours button for date 11/3/2022
Selected the Project Name.
Clicked the Active Tasks button.
Clicked the Task Assignment.
Entered the Work Hours.
Selected the Work Type.
Entered the Task Description.
Saved the work hours.
Closed the daily work hours page.
User has clicked the Whiz Hours button for date 11/4/2022
Selected the Project Name.
Clicked the Active Tasks button.
Clicked the Task Assignment.
Entered the Work Hours.
Selected the Work Type.
Entered the Task Description.
Saved the work hours.
Closed the daily work hours page.
User has clicked the Whiz Hours button for date 11/7/2022
Selected the Project Name.
Clicked the Active Tasks button.
Clicked the Task Assignment.
Entered the Work Hours.
Selected the Work Type.
Entered the Task Description.
Saved the work hours.
Closed the daily work hours page.
User has clicked the Whiz Hours button for date 11/8/2022
Selected the Project Name.
Clicked the Active Tasks button.
Clicked the Task Assignment.
Entered the Work Hours.
Selected the Work Type.
Entered the Task Description.
Saved the work hours.
Closed the daily work hours page.
User has clicked the Whiz Hours button for date 11/9/2022
Selected the Project Name.
Clicked the Active Tasks button.
Clicked the Task Assignment.
Entered the Work Hours.
Selected the Work Type.
Entered the Task Description.
Saved the work hours.
Closed the daily work hours page.
User has clicked the Whiz Hours button for date 11/10/2022
Selected the Project Name.
Clicked the Active Tasks button.
Clicked the Task Assignment.
Entered the Work Hours.
Selected the Work Type.
Entered the Task Description.
Saved the work hours.
Closed the daily work hours page.
User has clicked the Whiz Hours button for date 11/17/2022
Selected the Project Name.
Clicked the Active Tasks button.
Clicked the Task Assignment.
Entered the Work Hours.
Selected the Work Type.
Entered the Task Description.
Saved the work hours.
Closed the daily work hours page.
User has clicked the Whiz Hours button for date 11/18/2022
Selected the Project Name.
Clicked the Active Tasks button.
Clicked the Task Assignment.
Entered the Work Hours.
Selected the Work Type.
Entered the Task Description.
Saved the work hours.
Closed the daily work hours page.
User has clicked the Whiz Hours button for date 11/21/2022
Selected the Project Name.
Clicked the Active Tasks button.
Clicked the Task Assignment.
Entered the Work Hours.
Selected the Work Type.
Entered the Task Description.
Saved the work hours.
Closed the daily work hours page.
User has clicked the Whiz Hours button for date 11/22/2022
Selected the Project Name.
Clicked the Active Tasks button.
Clicked the Task Assignment.
Entered the Work Hours.
Selected the Work Type.
Entered the Task Description.
Saved the work hours.
Closed the daily work hours page.
User has clicked the Whiz Hours button for date 11/23/2022
Selected the Project Name.
Clicked the Active Tasks button.
Clicked the Task Assignment.
Entered the Work Hours.
Selected the Work Type.
Entered the Task Description.
Saved the work hours.
Closed the daily work hours page.
User has clicked the Whiz Hours button for date 11/24/2022
Selected the Project Name.
Clicked the Active Tasks button.
Clicked the Task Assignment.
Entered the Work Hours.
Selected the Work Type.
Entered the Task Description.
Saved the work hours.
Closed the daily work hours page.
User has clicked the Whiz Hours button for date 11/25/2022
Selected the Project Name.
Clicked the Active Tasks button.
Clicked the Task Assignment.
Entered the Work Hours.
Selected the Work Type.
Entered the Task Description.
Saved the work hours.
Closed the daily work hours page.
User has clicked the Whiz Hours button for date 11/28/2022
Selected the Project Name.
Clicked the Active Tasks button.
Clicked the Task Assignment.
Entered the Work Hours.
Selected the Work Type.
Entered the Task Description.
Saved the work hours.
Closed the daily work hours page.
User has clicked the Whiz Hours button for date 11/29/2022
Selected the Project Name.
Clicked the Active Tasks button.
Clicked the Task Assignment.
Entered the Work Hours.
Selected the Work Type.
Entered the Task Description.
Saved the work hours.
Closed the daily work hours page.]]>
  </system-out>
</testsuite> <!-- test.TC5_End_to_End -->
