<?xml version="1.0" encoding="UTF-8"?>
<!-- Generated by org.testng.reporters.JUnitReportReporter -->
<testsuite hostname="PTCMKCE000321" failures="0" tests="1" name="test.WorkHours.TC14_TC15_Daily_Work_Hours_Click_All_Tasks_and_Click_Task" time="21.718" errors="0" timestamp="2022-12-13T15:58:50 PST" skipped="0">
  <testcase classname="test.WorkHours.TC14_TC15_Daily_Work_Hours_Click_All_Tasks_and_Click_Task" name="Enter_Work_Hours" time="21.718"/>
  <system-out>
    <![CDATA[Clicked the "I understand the risks, take me there anyway" link.
Entered the username
Entered the password
Clicked the Login button
Successfully logged in using john.guballa credentials.
Selected December 2022 time sheet period.
Clicked the Whiz Hours button for date 12/13/2022
Selected the Project Name: Automated Testing Main.
Clicked the All Tasks button.
Clicked the Task: [TCoE] Technical Interview.
Closed the daily work hours page.
Clicked the Logout button.]]>
  </system-out>
</testsuite> <!-- test.WorkHours.TC14_TC15_Daily_Work_Hours_Click_All_Tasks_and_Click_Task -->
