<?xml version="1.0" encoding="UTF-8"?>
<!-- Generated by org.testng.reporters.JUnitReportReporter -->
<testsuite hostname="PTCMKCE000321" failures="0" tests="1" name="test.TimeLogs.TC10_Enter_Time_Logs_TimeIn_and_TimeOut_Week3" time="37.097" errors="0" timestamp="2022-12-12T18:36:22 PST" skipped="0">
  <testcase classname="test.TimeLogs.TC10_Enter_Time_Logs_TimeIn_and_TimeOut_Week3" name="Enter_Time_Logs_TimeIn_and_TimeOut_Week3" time="37.097"/>
  <system-out>
    <![CDATA[Clicked the "I understand the risks, take me there anyway" link.
Entered the username
Entered the password
Clicked the Login button
Successfully logged in using john.guballa credentials.
Selected December 2022 time sheet period.
Clicked the 12/12/2022 date.
Successfully entered Time In details for date 12/12/2022.
Successfully entered Time Out details for date 12/12/2022.
Successfully entered Reason for TITO Override for date 12/12/2022.
Successfully entered Time In details for date 12/13/2022.
Successfully entered Time Out details for date 12/13/2022.
Successfully entered Reason for TITO Override for date 12/13/2022.
Successfully entered Time In details for date 12/14/2022.
Successfully entered Time Out details for date 12/14/2022.
Successfully entered Reason for TITO Override for date 12/14/2022.
Successfully entered Time In details for date 12/15/2022.
Successfully entered Time Out details for date 12/15/2022.
Successfully entered Reason for TITO Override for date 12/15/2022.
Successfully entered Time In details for date 12/16/2022.
Successfully entered Time Out details for date 12/16/2022.
Successfully entered Reason for TITO Override for date 12/16/2022.
Clicked save time logs button.
Successfully verified Time In Details of Date 12/12/2022.
Successfully verified Time In Details of Date 12/13/2022.
Successfully verified Time In Details of Date 12/14/2022.
Successfully verified Time In Details of Date 12/15/2022.
Successfully verified Time In Details of Date 12/16/2022.
Successfully verified Time Out Details of Date 12/12/2022.
Successfully verified Time Out Details of Date 12/13/2022.
Successfully verified Time Out Details of Date 12/14/2022.
Successfully verified Time Out Details of Date 12/15/2022.
Successfully verified Time Out Details of Date 12/16/2022.
Successfully verified Reason for TITO Override of Date 12/12/2022.
Successfully verified Reason for TITO Override of Date 12/13/2022.
Successfully verified Reason for TITO Override of Date 12/14/2022.
Successfully verified Reason for TITO Override of Date 12/15/2022.
Successfully verified Reason for TITO Override of Date 12/16/2022.
Clicked the Logout button.
Successfully logged out.]]>
  </system-out>
</testsuite> <!-- test.TimeLogs.TC10_Enter_Time_Logs_TimeIn_and_TimeOut_Week3 -->
