<?xml version="1.0" encoding="UTF-8"?>
<!-- Generated by org.testng.reporters.JUnitReportReporter -->
<testsuite hostname="DESKTOP-680KUMP" failures="0" tests="1" name="test.TC1_MEM_Login_To_Account" time="10.682" errors="0" timestamp="2021-09-09T10:10:41 PST" skipped="0">
  <testcase classname="test.TC1_MEM_Login_To_Account" name="MEM_Login_To_Account" time="10.682"/>
  <system-out>
User Enters Email User Enters Password User clicked Login button  </system-out>
</testsuite> <!-- test.TC1_MEM_Login_To_Account -->
