<?xml version="1.0" encoding="UTF-8"?>
<!-- Generated by org.testng.reporters.JUnitReportReporter -->
<testsuite hostname="PTCMKCE000321" failures="0" tests="1" name="test.WorkHours.TC18_Daily_Work_Hours_Check_Allocated_Hours" time="21.967" errors="0" timestamp="2022-12-13T16:48:01 PST" skipped="0">
  <testcase classname="test.WorkHours.TC18_Daily_Work_Hours_Check_Allocated_Hours" name="Enter_Work_Hours" time="21.967"/>
  <system-out>
    <![CDATA[Clicked the "I understand the risks, take me there anyway" link.
Entered the username
Entered the password
Clicked the Login button
Successfully logged in using john.guballa credentials.
Selected December 2022 time sheet period.
Clicked the Whiz Hours button for date 12/16/2022
Selected the Project Name: Automated Testing Main.
Clicked the Active Tasks button.
Clicked the Task: COE Core Meetings.
Successfully verified the allocated hours for COE Core Meetings. Hours: 50
Closed the daily work hours page.
Clicked the Logout button.]]>
  </system-out>
</testsuite> <!-- test.WorkHours.TC18_Daily_Work_Hours_Check_Allocated_Hours -->
