<?xml version="1.0" encoding="UTF-8"?>
<!-- Generated by org.testng.reporters.JUnitReportReporter -->
<testsuite hostname="PTCMKCE000321" failures="0" tests="1" name="test.WorkHours.TC1_Charge_Hours_Button" time="17.090" errors="0" timestamp="2022-12-13T15:43:28 PST" skipped="0">
  <testcase classname="test.WorkHours.TC1_Charge_Hours_Button" name="Enter_Work_Hours" time="17.090"/>
  <system-out>
    <![CDATA[Clicked the "I understand the risks, take me there anyway" link.
Entered the username
Entered the password
Clicked the Login button
Successfully logged in using john.guballa credentials.
Selected December 2022 time sheet period.
Hovered to the Whiz Hours button for date 12/1/2022
Clicked the Logout button.]]>
  </system-out>
</testsuite> <!-- test.WorkHours.TC1_Charge_Hours_Button -->
