<?xml version="1.0" encoding="UTF-8"?>
<!-- Generated by org.testng.reporters.JUnitReportReporter -->
<testsuite hostname="PTCMKCE000321" failures="0" tests="5" name="test.TimeTracker_Login" time="22.487" errors="0" timestamp="2022-12-12T18:17:57 PST" skipped="0">
  <testcase classname="test.TimeTracker_Login" name="ValidUsernameAndInvalidPassword" time="5.479"/>
  <system-out>
    <![CDATA[Clicked the "I understand the risks, take me there anyway" link.
Entered the username
Entered the password
Clicked the Login button
Incorrect username or password error message is displayed]]>
  </system-out>
  <testcase classname="test.TimeTracker_Login" name="ValidUsernameAndPassword" time="9.373"/>
  <system-out>
    <![CDATA[Clicked the "I understand the risks, take me there anyway" link.
Entered the username
Entered the password
Clicked the Login button
Successfully logged in using ramon.tupaz credentials.]]>
  </system-out>
  <testcase classname="test.TimeTracker_Login" name="NullUsernameAndPassword" time="2.169"/>
  <system-out>
    <![CDATA[Clicked the "I understand the risks, take me there anyway" link.
Entered the username
Entered the password
Clicked the Login button
Empty username and password field validators are displayed]]>
  </system-out>
  <testcase classname="test.TimeTracker_Login" name="InvalidUsernameAndValidPassword" time="2.638"/>
  <system-out>
    <![CDATA[Clicked the "I understand the risks, take me there anyway" link.
Entered the username
Entered the password
Clicked the Login button
Incorrect username or password error message is displayed]]>
  </system-out>
  <testcase classname="test.TimeTracker_Login" name="InvalidUsernameAndPassword" time="2.828"/>
  <system-out>
    <![CDATA[Clicked the "I understand the risks, take me there anyway" link.
Entered the username
Entered the password
Clicked the Login button
Incorrect username or password error message is displayed]]>
  </system-out>
</testsuite> <!-- test.TimeTracker_Login -->
