<?xml version="1.0" encoding="UTF-8"?>
<!-- Generated by org.testng.reporters.JUnitReportReporter -->
<testsuite hostname="DESKTOP-680KUMP" failures="0" tests="1" name="test.TC2_Add_Customer" time="26.213" errors="0" timestamp="2022-05-20T11:29:55 PST" skipped="0">
  <testcase classname="test.TC2_Add_Customer" name="Adding_Customer" time="26.213"/>
  <system-out>
User clicked Agile Project User clicked add customer User clicked Done User Enters First Name User Enters Last Name User Enters email User Enters message User Enters telephone User clicked submit  </system-out>
</testsuite> <!-- test.TC2_Add_Customer -->
