<?xml version="1.0" encoding="UTF-8"?>
<!-- Generated by org.testng.reporters.JUnitReportReporter -->
<testsuite hostname="PTCMKCE000321" failures="0" tests="1" name="test.Whiz.Login.TC002_Login_InvalidUsernameAndValidPassword" time="7.016" errors="0" timestamp="2022-12-19T14:06:33 PST" skipped="0">
  <testcase classname="test.Whiz.Login.TC002_Login_InvalidUsernameAndValidPassword" name="InvalidUsernameAndValidPassword" time="7.016"/>
  <system-out>
    <![CDATA[Entered the username
Entered the password
Clicked the Sign In button
Successfully verified that the invalid login error message is displayed]]>
  </system-out>
</testsuite> <!-- test.Whiz.Login.TC002_Login_InvalidUsernameAndValidPassword -->
