<?xml version="1.0" encoding="UTF-8"?>
<!-- Generated by org.testng.reporters.JUnitReportReporter -->
<testsuite hostname="DESKTOP-680KUMP" failures="0" tests="1" name="hyrTest.TC2_Window_Test" time="23.573" errors="0" timestamp="2021-06-03T16:46:28 PST" skipped="0">
  <testcase classname="hyrTest.TC2_Window_Test" name="SwitchWindows" time="23.573"/>
  <system-out>
User clicked click here link User switches window. User has entered email address. User switches window.  </system-out>
</testsuite> <!-- hyrTest.TC2_Window_Test -->
