<?xml version="1.0" encoding="UTF-8"?>
<!-- Generated by org.testng.reporters.JUnitReportReporter -->
<testsuite hostname="DESKTOP-680KUMP" failures="0" tests="1" name="maxicare.TC2_Maxicare_Login_To_Account" time="11.027" errors="0" timestamp="2021-09-14T15:40:37 PST" skipped="0">
  <testcase classname="maxicare.TC2_Maxicare_Login_To_Account" name="Maxicare_Login_To_Account" time="11.027"/>
  <system-out>
User entered the Email Address User enter the Password User clicked the Login button  </system-out>
</testsuite> <!-- maxicare.TC2_Maxicare_Login_To_Account -->
