<?xml version="1.0" encoding="UTF-8"?>
<!-- Generated by org.testng.reporters.JUnitReportReporter -->
<testsuite hostname="PTCMKCE000321" failures="0" tests="1" name="test.TC7_Remove_Work_Hours_Details" time="148.464" errors="0" timestamp="2022-12-07T10:04:07 PST" skipped="0">
  <testcase classname="test.TC7_Remove_Work_Hours_Details" name="Remove_Work_Hours_Details" time="148.464"/>
  <system-out>
    <![CDATA[Clicked the "I understand the risks, take me there anyway" link.
Entered the username
Entered the password
Clicked the Login button
Successfully logged in using john.guballa credentials.
Selected December 2022 time sheet period.
Clicked the Whiz Hours button for date 12/1/2022
Clicked the Task: [TCoE] Testing COE Support.
Clicked remove button.
Clicked ok button.
Closed the daily work hours page.
Clicked the Whiz Hours button for date 12/2/2022
Clicked the Task: [TCoE] Testing COE Support.
Clicked remove button.
Clicked ok button.
Closed the daily work hours page.
Clicked the Whiz Hours button for date 12/5/2022
Clicked the Task: [TCoE] Testing COE Support.
Clicked remove button.
Clicked ok button.
Closed the daily work hours page.
Clicked the Whiz Hours button for date 12/6/2022
Clicked the Task: [TCoE] Testing COE Support.
Clicked remove button.
Clicked ok button.
Closed the daily work hours page.
Clicked the Whiz Hours button for date 12/7/2022
Clicked the Task: [TCoE] Testing COE Support.
Clicked remove button.
Clicked ok button.
Closed the daily work hours page.
Clicked the Whiz Hours button for date 12/9/2022
Clicked the Task: [TCoE] Testing COE Support.
Clicked remove button.
Clicked ok button.
Closed the daily work hours page.
Clicked the Whiz Hours button for date 12/12/2022
Clicked the Task: [TCoE] Testing COE Support.
Clicked remove button.
Clicked ok button.
Closed the daily work hours page.
Clicked the Whiz Hours button for date 12/13/2022
Clicked the Task: [TCoE] Testing COE Support.
Clicked remove button.
Clicked ok button.
Closed the daily work hours page.
Clicked the Whiz Hours button for date 12/14/2022
Clicked the Task: [TCoE] Testing COE Support.
Clicked remove button.
Clicked ok button.
Closed the daily work hours page.
Clicked the Whiz Hours button for date 12/15/2022
Clicked the Task: [TCoE] Testing COE Support.
Clicked remove button.
Clicked ok button.
Closed the daily work hours page.
Clicked the Whiz Hours button for date 12/16/2022
Clicked the Task: [TCoE] Testing COE Support.
Clicked remove button.
Clicked ok button.
Closed the daily work hours page.
Clicked the Whiz Hours button for date 12/19/2022
Clicked the Task: [TCoE] Testing COE Support.
Clicked remove button.
Clicked ok button.
Closed the daily work hours page.
Clicked the Whiz Hours button for date 12/20/2022
Clicked the Task: [TCoE] Testing COE Support.
Clicked remove button.
Clicked ok button.
Closed the daily work hours page.
Clicked the Whiz Hours button for date 12/21/2022
Clicked the Task: [TCoE] Testing COE Support.
Clicked remove button.
Clicked ok button.
Closed the daily work hours page.
Clicked the Whiz Hours button for date 12/22/2022
Clicked the Task: [TCoE] Testing COE Support.
Clicked remove button.
Clicked ok button.
Closed the daily work hours page.
Clicked the Whiz Hours button for date 12/23/2022
Clicked the Task: [TCoE] Testing COE Support.
Clicked remove button.
Clicked ok button.
Closed the daily work hours page.
Clicked the Whiz Hours button for date 12/26/2022
Clicked the Task: [TCoE] Testing COE Support.
Clicked remove button.
Clicked ok button.
Closed the daily work hours page.
Clicked the Whiz Hours button for date 12/27/2022
Clicked the Task: [TCoE] Testing COE Support.
Clicked remove button.
Clicked ok button.
Closed the daily work hours page.
Clicked the Whiz Hours button for date 12/28/2022
Clicked the Task: [TCoE] Testing COE Support.
Clicked remove button.
Clicked ok button.
Closed the daily work hours page.
Clicked the Whiz Hours button for date 12/29/2022
Clicked the Task: [TCoE] Testing COE Support.
Clicked remove button.
Clicked ok button.
Closed the daily work hours page.]]>
  </system-out>
</testsuite> <!-- test.TC7_Remove_Work_Hours_Details -->
