<?xml version="1.0" encoding="UTF-8"?>
<!-- Generated by org.testng.reporters.JUnitReportReporter -->
<testsuite hostname="PTCMKCE000321" failures="0" tests="1" name="test.Whiz.Whiz_Login_To_Application" time="20.083" errors="0" timestamp="2022-12-07T14:38:28 PST" skipped="0">
  <testcase classname="test.Whiz.Whiz_Login_To_Application" name="Login_To_Application" time="20.083"/>
  <system-out>
    <![CDATA[Entered the username
Entered the password
Clicked the Login button]]>
  </system-out>
</testsuite> <!-- test.Whiz.Whiz_Login_To_Application -->
