<?xml version="1.0" encoding="UTF-8"?>
<!-- Generated by org.testng.reporters.JUnitReportReporter -->
<testsuite hostname="DESKTOP-680KUMP" failures="0" tests="1" name="zeroWebAppTest.ZeroWebApp_Login_To_Application" time="5.794" errors="0" timestamp="2021-04-19T19:08:14 PST" skipped="0">
  <testcase classname="zeroWebAppTest.ZeroWebApp_Login_To_Application" name="Login_To_Application" time="5.794"/>
  <system-out>
User clicked the sign in button User entered the username User entered the password User clicked the submit button User clicked the "I understand the risks, take me there anyway" link.  </system-out>
</testsuite> <!-- zeroWebAppTest.ZeroWebApp_Login_To_Application -->
