<?xml version="1.0" encoding="UTF-8"?>
<!-- Generated by org.testng.reporters.JUnitReportReporter -->
<testsuite hostname="PTCMKCE000321" failures="0" tests="1" name="test.TC2_Enter_Time_Logs" time="102.062" errors="0" timestamp="2022-12-02T13:27:30 PST" skipped="0">
  <testcase classname="test.TC2_Enter_Time_Logs" name="Enter_Time_Logs" time="102.062"/>
  <system-out>
    <![CDATA[Clicked the "I understand the risks, take me there anyway" link.
Entered the username
Entered the password
Clicked the Login button
Successfully logged in using john.guballa credentials.
Selected November 2022 time sheet period.
Clicked the 11/2/2022 date.
Successfully entered Time In details for date 11/2/2022.
Successfully entered Time Out details for date 11/2/2022.
Successfully entered Reason for TITO Override for date 11/2/2022.
Successfully entered Time In details for date 11/3/2022.
Successfully entered Time Out details for date 11/3/2022.
Successfully entered Reason for TITO Override for date 11/3/2022.
Successfully entered Time In details for date 11/4/2022.
Successfully entered Time Out details for date 11/4/2022.
Successfully entered Reason for TITO Override for date 11/4/2022.
Clicked save time logs button.
Clicked the 11/7/2022 date.
Successfully entered Time In details for date 11/7/2022.
Successfully entered Time Out details for date 11/7/2022.
Successfully entered Reason for TITO Override for date 11/7/2022.
Successfully entered Time In details for date 11/8/2022.
Successfully entered Time Out details for date 11/8/2022.
Successfully entered Reason for TITO Override for date 11/8/2022.
Successfully entered Time In details for date 11/9/2022.
Successfully entered Time Out details for date 11/9/2022.
Successfully entered Reason for TITO Override for date 11/9/2022.
Successfully entered Time In details for date 11/10/2022.
Successfully entered Time Out details for date 11/10/2022.
Successfully entered Reason for TITO Override for date 11/10/2022.
Clicked save time logs button.
Clicked the 11/17/2022 date.
Successfully entered Time In details for date 11/17/2022.
Successfully entered Time Out details for date 11/17/2022.
Successfully entered Reason for TITO Override for date 11/17/2022.
Successfully entered Time In details for date 11/18/2022.
Successfully entered Time Out details for date 11/18/2022.
Successfully entered Reason for TITO Override for date 11/18/2022.
Clicked save time logs button.
Clicked the 11/21/2022 date.
Successfully entered Time In details for date 11/21/2022.
Successfully entered Time Out details for date 11/21/2022.
Successfully entered Reason for TITO Override for date 11/21/2022.
Successfully entered Time In details for date 11/22/2022.
Successfully entered Time Out details for date 11/22/2022.
Successfully entered Reason for TITO Override for date 11/22/2022.
Successfully entered Time In details for date 11/23/2022.
Successfully entered Time Out details for date 11/23/2022.
Successfully entered Reason for TITO Override for date 11/23/2022.
Successfully entered Time In details for date 11/24/2022.
Successfully entered Time Out details for date 11/24/2022.
Successfully entered Reason for TITO Override for date 11/24/2022.
Successfully entered Time In details for date 11/25/2022.
Successfully entered Time Out details for date 11/25/2022.
Successfully entered Reason for TITO Override for date 11/25/2022.
Clicked save time logs button.
Clicked the 11/28/2022 date.
Successfully entered Time In details for date 11/28/2022.
Successfully entered Time Out details for date 11/28/2022.
Successfully entered Reason for TITO Override for date 11/28/2022.
Successfully entered Time In details for date 11/29/2022.
Successfully entered Time Out details for date 11/29/2022.
Successfully entered Reason for TITO Override for date 11/29/2022.
Clicked save time logs button.
Successfully verified Time In Details of Date 11/2/2022.
Successfully verified Time In Details of Date 11/3/2022.
Successfully verified Time In Details of Date 11/4/2022.
Successfully verified Time In Details of Date 11/7/2022.
Successfully verified Time In Details of Date 11/8/2022.
Successfully verified Time In Details of Date 11/9/2022.
Successfully verified Time In Details of Date 11/10/2022.
Successfully verified Time In Details of Date 11/17/2022.
Successfully verified Time In Details of Date 11/18/2022.
Successfully verified Time In Details of Date 11/21/2022.
Successfully verified Time In Details of Date 11/22/2022.
Successfully verified Time In Details of Date 11/23/2022.
Successfully verified Time In Details of Date 11/24/2022.
Successfully verified Time In Details of Date 11/25/2022.
Successfully verified Time In Details of Date 11/28/2022.
Successfully verified Time In Details of Date 11/29/2022.
Successfully verified Time Out Details of Date 11/2/2022.
Successfully verified Time Out Details of Date 11/3/2022.
Successfully verified Time Out Details of Date 11/4/2022.
Successfully verified Time Out Details of Date 11/7/2022.
Successfully verified Time Out Details of Date 11/8/2022.
Successfully verified Time Out Details of Date 11/9/2022.
Successfully verified Time Out Details of Date 11/10/2022.
Successfully verified Time Out Details of Date 11/17/2022.
Successfully verified Time Out Details of Date 11/18/2022.
Successfully verified Time Out Details of Date 11/21/2022.
Successfully verified Time Out Details of Date 11/22/2022.
Successfully verified Time Out Details of Date 11/23/2022.
Successfully verified Time Out Details of Date 11/24/2022.
Successfully verified Time Out Details of Date 11/25/2022.
Successfully verified Time Out Details of Date 11/28/2022.
Successfully verified Time Out Details of Date 11/29/2022.
Successfully verified Reason for TITO Override of Date 11/2/2022.
Successfully verified Reason for TITO Override of Date 11/3/2022.
Successfully verified Reason for TITO Override of Date 11/4/2022.
Successfully verified Reason for TITO Override of Date 11/7/2022.
Successfully verified Reason for TITO Override of Date 11/8/2022.
Successfully verified Reason for TITO Override of Date 11/9/2022.
Successfully verified Reason for TITO Override of Date 11/10/2022.
Successfully verified Reason for TITO Override of Date 11/17/2022.
Successfully verified Reason for TITO Override of Date 11/18/2022.
Successfully verified Reason for TITO Override of Date 11/21/2022.
Successfully verified Reason for TITO Override of Date 11/22/2022.
Successfully verified Reason for TITO Override of Date 11/23/2022.
Successfully verified Reason for TITO Override of Date 11/24/2022.
Successfully verified Reason for TITO Override of Date 11/25/2022.
Successfully verified Reason for TITO Override of Date 11/28/2022.
Successfully verified Reason for TITO Override of Date 11/29/2022.
Clicked the Logout button.
Successfully logged out.]]>
  </system-out>
</testsuite> <!-- test.TC2_Enter_Time_Logs -->
