<?xml version="1.0" encoding="UTF-8"?>
<!-- Generated by org.testng.reporters.JUnitReportReporter -->
<testsuite hostname="PTCMKCE000321" failures="0" tests="1" name="test.TC9_File_A_Leave" time="26.942" errors="0" timestamp="2022-12-13T12:08:15 PST" skipped="0">
  <testcase classname="test.TC9_File_A_Leave" name="SubmitAllPopulatedRequiredFields" time="26.942"/>
  <system-out>
    <![CDATA[Clicked the "I understand the risks, take me there anyway" link.
Entered the username
Entered the password
Clicked the Login button
Successfully logged in using ramon.tupaz credentials.
Successfully verified that the Remarks column is empty
Successfully verified the existence of File A Leave action
User clicked the File A Leave button
User selected Banked General Leave from the Leave Type dropdown
User selected Emergency Leave from the Reasons dropdown
User entered This is a statement for the Comment Text Box in the Comment text box
User entered 1234567890 in the Contact Number field
User clicked the Submit button
Successfully verified leave was submitted.]]>
  </system-out>
</testsuite> <!-- test.TC9_File_A_Leave -->
