<?xml version="1.0" encoding="UTF-8"?>
<!-- Generated by org.testng.reporters.JUnitReportReporter -->
<testsuite hostname="PTCMKCE000321" failures="0" tests="1" name="test.TimeLogs.TC7_Enter_Time_Logs_and_Cancel" time="18.630" errors="0" timestamp="2022-12-12T18:24:45 PST" skipped="0">
  <testcase classname="test.TimeLogs.TC7_Enter_Time_Logs_and_Cancel" name="Enter_Time_Logs_and_Cancel" time="18.630"/>
  <system-out>
    <![CDATA[Clicked the "I understand the risks, take me there anyway" link.
Entered the username
Entered the password
Clicked the Login button
Successfully logged in using john.guballa credentials.
Selected December 2022 time sheet period.
Clicked the 12/12/2022 date.
Successfully entered Time In details for date 12/12/2022.
Successfully entered Time Out details for date 12/12/2022.
Successfully entered Reason for TITO Override for date 12/12/2022.
Successfully cancelled the saving of the time logs.
Successfully verified Time log details are left blanked for Date 12/12/2022.
Clicked the Logout button.
Successfully logged out.]]>
  </system-out>
</testsuite> <!-- test.TimeLogs.TC7_Enter_Time_Logs_and_Cancel -->
