<?xml version="1.0" encoding="UTF-8"?>
<!-- Generated by org.testng.reporters.JUnitReportReporter -->
<testsuite hostname="PTCMKCE000321" failures="0" tests="1" name="test.WorkHours.TC19_to_TC23_Daily_Work_Hours_Save_and_Verify_Details" time="30.690" errors="0" timestamp="2022-12-13T16:03:05 PST" skipped="0">
  <testcase classname="test.WorkHours.TC19_to_TC23_Daily_Work_Hours_Save_and_Verify_Details" name="Enter_Work_Hours" time="30.690"/>
  <system-out>
    <![CDATA[Clicked the "I understand the risks, take me there anyway" link.
Entered the username
Entered the password
Clicked the Login button
Successfully logged in using john.guballa credentials.
Selected December 2022 time sheet period.
Clicked the Whiz Hours button for date 12/15/2022
Selected the Project Name: Automated Testing Main.
Clicked the Active Tasks button.
Clicked the Task: [TCoE] Testing COE Support.
Entered the Work Hours: 8.
Selected the Work Type: Normal.
Entered the Task DescriptionThis is an automated test.
Saved the work hours.
Closed the daily work hours page.
Clicked the show task log
Successfully verified task logs for date 12/15/2022
Clicked the hide task log
Clicked the Logout button.]]>
  </system-out>
</testsuite> <!-- test.WorkHours.TC19_to_TC23_Daily_Work_Hours_Save_and_Verify_Details -->
