<?xml version="1.0" encoding="UTF-8"?>
<!-- Generated by org.testng.reporters.JUnitReportReporter -->
<testsuite hostname="DESKTOP-680KUMP" failures="0" tests="1" name="test.TC1_View_Statement" time="19.521" errors="0" timestamp="2022-05-20T11:29:55 PST" skipped="0">
  <testcase classname="test.TC1_View_Statement" name="Viewing_of_Statement" time="19.521"/>
  <system-out>
User clicked Agile Project User Enters Username User Enters Password User clicked the Login button User clicked Mini Statement User selected the account number User clicked submit  </system-out>
</testsuite> <!-- test.TC1_View_Statement -->
