<?xml version="1.0" encoding="UTF-8"?>
<!-- Generated by org.testng.reporters.JUnitReportReporter -->
<testsuite hostname="PTCMKCE000321" failures="0" tests="1" name="test.Whiz.Login.TC001_Login_ValidUsernameAndPassword" time="26.388" errors="0" timestamp="2022-12-19T14:06:33 PST" skipped="0">
  <testcase classname="test.Whiz.Login.TC001_Login_ValidUsernameAndPassword" name="ValidUsernameAndPassword" time="26.388"/>
  <system-out>
    <![CDATA[Entered the username
Entered the password
Clicked the Sign In button
Successfully logged in using UAT-Automation TC1 credentials
Clicked the Timesheet button
Clicked the Timesheet Entry button
Clicked the logout button]]>
  </system-out>
</testsuite> <!-- test.Whiz.Login.TC001_Login_ValidUsernameAndPassword -->
