<?xml version="1.0" encoding="UTF-8"?>
<!-- Generated by org.testng.reporters.JUnitReportReporter -->
<testsuite hostname="DESKTOP-680KUMP" failures="0" tests="1" name="hyrTest.TC1_Alert_Test" time="25.635" errors="0" timestamp="2021-04-29T15:36:20 PST" skipped="0">
  <testcase classname="hyrTest.TC1_Alert_Test" name="ClickAlerts" time="25.635"/>
  <system-out>
User has clicked simple alert button. User has clicked confirm alert button. User has clicked prompt alert button.  </system-out>
</testsuite> <!-- hyrTest.TC1_Alert_Test -->
