<?xml version="1.0" encoding="UTF-8"?>
<!-- Generated by org.testng.reporters.JUnitReportReporter -->
<testsuite hostname="DESKTOP-680KUMP" failures="0" tests="1" name="test.TC3_Login_To_Account" time="25.728" errors="0" timestamp="2022-06-08T09:54:53 PST" skipped="0">
  <testcase classname="test.TC3_Login_To_Account" name="Login_To_Account" time="25.728"/>
  <system-out>
User clicked Login button from Landing page User Enters Email User Enters Password User clicked Register button User is logged in Logged out buttion is displayed  </system-out>
</testsuite> <!-- test.TC3_Login_To_Account -->
