<?xml version="1.0" encoding="UTF-8"?>
<!-- Generated by org.testng.reporters.JUnitReportReporter -->
<testsuite hostname="DESKTOP-680KUMP" failures="0" tests="1" name="maxicare.TC2_Maxicare_Activate_Account" time="14.602" errors="0" timestamp="2021-09-09T12:42:43 PST" skipped="0">
  <testcase classname="maxicare.TC2_Maxicare_Activate_Account" name="Maxicare_Activate_Account" time="14.602"/>
  <system-out>
User clicked Activate button User Enters Employee ID User Enters Birth Date User Selects Civil Status  </system-out>
</testsuite> <!-- maxicare.TC2_Maxicare_Activate_Account -->
