<?xml version="1.0" encoding="UTF-8"?>
<!-- Generated by org.testng.reporters.JUnitReportReporter -->
<testsuite hostname="DESKTOP-680KUMP" failures="0" tests="1" name="test.TC1_Agile" time="6.439" errors="0" timestamp="2021-06-06T17:09:38 PST" skipped="0">
  <testcase classname="test.TC1_Agile" name="login" time="6.439"/>
  <system-out>
User Enters Username User Enters Password User clicked the Login button  </system-out>
</testsuite> <!-- test.TC1_Agile -->
