<?xml version="1.0" encoding="UTF-8"?>
<!-- Generated by org.testng.reporters.JUnitReportReporter -->
<testsuite hostname="DESKTOP-680KUMP" failures="0" tests="1" name="test.TC8_Acess_Navigation_Bar_Buttons" time="24.761" errors="0" timestamp="2021-04-19T11:08:15 PST" skipped="0">
  <testcase classname="test.TC8_Acess_Navigation_Bar_Buttons" name="Access_Navigation_Bar_Buttons" time="24.761"/>
  <system-out>
User clicked the "I understand the risks, take me there anyway" link. User has entered the username User has entered the password User clicked the Login button User has successfully logged in using john.guballa credentials. User clicked My Timesheets button User clicked Shift Types button User clicked Balances button User clicked Monthly Crediting History button User clicked Leave SOA button User clicked the Logout button.  </system-out>
</testsuite> <!-- test.TC8_Acess_Navigation_Bar_Buttons -->
