<?xml version="1.0" encoding="UTF-8"?>
<!-- Generated by org.testng.reporters.JUnitReportReporter -->
<testsuite hostname="PTCMKCE000321" failures="0" tests="1" name="test.TimeTracker_FileALeave" time="43.538" errors="0" timestamp="2022-12-13T15:11:52 PST" skipped="0">
  <testcase classname="test.TimeTracker_FileALeave" name="FileALeaveCloseButton" time="43.538"/>
  <system-out>
    <![CDATA[Clicked the "I understand the risks, take me there anyway" link.
Entered the username
Entered the password
Clicked the Login button
Successfully logged in using ramon.tupaz credentials.
Successfully verified that the Remarks column contains a text
Successfully verified that the Remarks column is empty
Successfully verified the existence of File A Leave action
User clicked the File A Leave button
User clicked the Close button
Successfully verified that the Remarks column is empty
Successfully verified the existence of File A Leave action
Successfully verified that the Remarks column is empty
Successfully verified the existence of File A Leave action
Successfully verified that the Remarks column is empty
Successfully verified the existence of File A Leave action
User clicked the File A Leave button
User clicked the Close button
Successfully verified that the Remarks column is empty
Successfully verified the existence of File A Leave action
User clicked the File A Leave button
User clicked the Close button
Successfully verified that the Remarks column is empty
Successfully verified the existence of File A Leave action
User clicked the File A Leave button
User clicked the Close button
Successfully verified that the Remarks column contains a text
Successfully verified that the Remarks column is empty
Successfully verified the existence of File A Leave action
User clicked the File A Leave button
User clicked the Close button
Successfully verified that the Remarks column is empty
Successfully verified the existence of File A Leave action
Successfully verified that the Remarks column is empty
Successfully verified the existence of File A Leave action
Successfully verified that the Remarks column is empty
Successfully verified the existence of File A Leave action
User clicked the File A Leave button
User clicked the Close button
Successfully verified that the Remarks column is empty
Successfully verified the existence of File A Leave action
User clicked the File A Leave button
User clicked the Close button
Successfully verified that the Remarks column is empty
Successfully verified the existence of File A Leave action
User clicked the File A Leave button
User clicked the Close button
Successfully verified that the Remarks column is empty
Successfully verified the existence of File A Leave action
User clicked the File A Leave button
User clicked the Close button
Successfully verified that the Remarks column is empty
Successfully verified the existence of File A Leave action
User clicked the File A Leave button
User clicked the Close button
Successfully verified that the Remarks column is empty
Successfully verified the existence of File A Leave action
Successfully verified that the Remarks column is empty
Successfully verified the existence of File A Leave action
Successfully verified that the Remarks column is empty
Successfully verified the existence of File A Leave action
User clicked the File A Leave button
User clicked the Close button
Successfully verified that the Remarks column is empty
Successfully verified the existence of File A Leave action
User clicked the File A Leave button
User clicked the Close button
Successfully verified that the Remarks column is empty
Successfully verified the existence of File A Leave action
User clicked the File A Leave button
User clicked the Close button
Successfully verified that the Remarks column is empty
Successfully verified the existence of File A Leave action
User clicked the File A Leave button
User clicked the Close button
Successfully verified that the Remarks column is empty
Successfully verified the existence of File A Leave action
User clicked the File A Leave button
User clicked the Close button
Successfully verified that the Remarks column is empty
Successfully verified the existence of File A Leave action
Successfully verified that the Remarks column contains a text
Successfully verified that the Remarks column is empty
Successfully verified the existence of File A Leave action
User clicked the File A Leave button
User clicked the Close button
Successfully verified that the Remarks column is empty
Successfully verified the existence of File A Leave action
User clicked the File A Leave button
User clicked the Close button
Successfully verified that the Remarks column is empty
Successfully verified the existence of File A Leave action
User clicked the File A Leave button
User clicked the Close button
Successfully verified that the Remarks column is empty
Successfully verified the existence of File A Leave action
User clicked the File A Leave button
User clicked the Close button
Successfully verified that the Remarks column contains a text
Successfully verified that the Remarks column is empty
Successfully verified the existence of File A Leave action]]>
  </system-out>
</testsuite> <!-- test.TimeTracker_FileALeave -->
