<?xml version="1.0" encoding="UTF-8"?>
<!-- Generated by org.testng.reporters.JUnitReportReporter -->
<testsuite hostname="PTCMKCE000321" failures="0" tests="1" name="test.Whiz.Timesheet_Entry.TC004_Timesheet_Entry_SubmitTimesheet" time="43.388" errors="0" timestamp="2022-12-19T14:01:09 PST" skipped="0">
  <testcase classname="test.Whiz.Timesheet_Entry.TC004_Timesheet_Entry_SubmitTimesheet" name="submitTimesheet" time="43.388"/>
  <system-out>
    <![CDATA[Entered the username
Entered the password
Clicked the Sign In button
Successfully logged in using UAT-Automation TC2 credentials
Clicked the Timesheet button
Clicked the Timesheet Entry button
Switched to inline frame
Successfully verified that the Timesheet Entry page is displayed
Clicked the View Timesheet button
Successfully verified that the View Timesheet page is displayed
Successfully verified that the actual hour(s) is 35:00
Timesheet status is now Not Submitted
Clicked the Submit button
Timesheet status is now Submitted
Clicked the Back button
Clicked the logout button]]>
  </system-out>
</testsuite> <!-- test.Whiz.Timesheet_Entry.TC004_Timesheet_Entry_SubmitTimesheet -->
