<?xml version="1.0" encoding="UTF-8"?>
<!-- Generated by org.testng.reporters.JUnitReportReporter -->
<testsuite hostname="DESKTOP-680KUMP" failures="0" tests="1" name="test.TC1_DMS_Tricentis_Login" time="28.664" errors="0" timestamp="2022-05-30T19:59:23 PST" skipped="0">
  <testcase classname="test.TC1_DMS_Tricentis_Login" name="test" time="28.664"/>
  <system-out>
User clicks log in link. User enters username. User enters password. User clicks log in button. Verify if user is logged in. Verify if log out button is displayed. User clicks GIFT CARDS button. User selects Price: High to Low as Sort by option. User selects List as View as option. User adds to cart $100 Physical Gift Card product. User adds recipient's name. User adds message to the gift card. User sets quantity value. User clicks add to cart button. User clicks shopping cart link. Verify if the product is in cart. User ticks item checkbox. User clicks update shopping cart button. Verify if the cart is empty.  </system-out>
</testsuite> <!-- test.TC1_DMS_Tricentis_Login -->
