<?xml version="1.0" encoding="UTF-8"?>
<!-- Generated by org.testng.reporters.JUnitReportReporter -->
<testsuite hostname="PTCMKCE000321" failures="0" tests="1" name="test.Whiz.Timesheet_Entry.TC001_Timesheet_Entry_CreateTask" time="48.441" errors="0" timestamp="2022-12-19T14:01:09 PST" skipped="0">
  <testcase classname="test.Whiz.Timesheet_Entry.TC001_Timesheet_Entry_CreateTask" name="createTask" time="48.441"/>
  <system-out>
    <![CDATA[Entered the username
Entered the password
Clicked the Sign In button
Successfully logged in using UAT-Automation TC2 credentials
Clicked the Timesheet button
Clicked the Timesheet Entry button
Switched to inline frame
Successfully verified that the Timesheet Entry page is displayed
Clicked the Create Task button
Successfully verified that the Create Task window is displayed
Entered 12/15/2022 in the date field
User selected Automation Testing_Project 2 from the Project dropdown
Entered Created Task 1 in the task name field
User selected UAT-Generic Activities from the Task Type dropdown
User selected Priority 3 - Medium from the Priority dropdown
Entered 01:00 in the Actual Time field
Clicked the Save and Create New button
Clicked the Closed button
Successfully verified that Created Task 1 is displayed in the timesheet
Clicked the logout button]]>
  </system-out>
</testsuite> <!-- test.Whiz.Timesheet_Entry.TC001_Timesheet_Entry_CreateTask -->
