<?xml version="1.0" encoding="UTF-8"?>
<!-- Generated by org.testng.reporters.JUnitReportReporter -->
<testsuite hostname="PTCMKCE000321" failures="0" tests="1" name="test.WorkHours.TC8_TC9_Daily_Work_Hours_View_and_Select_Delivery_Milestone" time="22.151" errors="0" timestamp="2022-12-13T15:52:49 PST" skipped="0">
  <testcase classname="test.WorkHours.TC8_TC9_Daily_Work_Hours_View_and_Select_Delivery_Milestone" name="Enter_Work_Hours" time="22.151"/>
  <system-out>
    <![CDATA[Clicked the "I understand the risks, take me there anyway" link.
Entered the username
Entered the password
Clicked the Login button
Successfully logged in using john.guballa credentials.
Selected December 2022 time sheet period.
Clicked the Whiz Hours button for date 12/7/2022
Selected the Project Name: Automated Testing Main.
List of delivery or milestone are displayed.
Selected the Deliverable/Milestone: Testing COE Support.
Closed the daily work hours page.
Clicked the Logout button.]]>
  </system-out>
</testsuite> <!-- test.WorkHours.TC8_TC9_Daily_Work_Hours_View_and_Select_Delivery_Milestone -->
